<?xml version="1.0" encoding="UTF-8"?>
<robot generator="Robot 7.4.1 (Python 3.9.6 on darwin)" generated="2026-02-22T18:55:41.050149" rpa="false" schemaversion="5">
<suite id="s1" name="Mobile Test" source="/Users/kunnath/projects/rfdc-framework/tests/mobile_test.robot">
<test id="s1-t1" name="Open Mobile Browser And Click AI Mode" line="5">
<kw name="Create Dictionary" owner="BuiltIn">
<msg time="2026-02-22T18:55:41.132717" level="INFO">${caps} = {'platformName': 'Android', 'deviceName': 'emulator-5554', 'automationName': 'UiAutomator2', 'browserName': 'Chrome'}</msg>
<var>${caps}</var>
<arg>platformName=Android</arg>
<arg>deviceName=emulator-5554</arg>
<arg>automationName=UiAutomator2</arg>
<arg>browserName=Chrome</arg>
<doc>Creates and returns a dictionary based on the given ``items``.</doc>
<status status="PASS" start="2026-02-22T18:55:41.132407" elapsed="0.000327"/>
</kw>
<kw name="Start Session" owner="MobileAppiumLibrary">
<msg time="2026-02-22T18:56:01.232246" level="FAIL">Failed to start Appium session. Attempts:
options: Message: Could not find a connected Android device in 20000ms
Stacktrace:
UnknownError: Could not find a connected Android device in 20000ms
    at getResponseForW3CError (/opt/homebrew/lib/node_modules/appium/node_modules/@appium/base-driver/build/lib/protocol/errors.js:824:36)
    at asyncHandler (/opt/homebrew/lib/node_modules/appium/node_modules/@appium/base-driver/build/lib/protocol/protocol.js:402:77)
The above error is caused by
Error: Could not find a connected Android device in 20000ms
    at ADB.getDevicesWithRetry (/Users/kunnath/.appium/node_modules/appium-uiautomator2-driver/node_modules/appium-adb/build/lib/tools/system-calls.js:360:19)
    at process.processTicksAndRejections (node:internal/process/task_queues:104:5)
    at async AndroidUiautomator2Driver.getDeviceInfoFromCaps (/Users/kunnath/.appium/node_modules/appium-uiautomator2-driver/node_modules/appium-android-driver/build/lib/commands/device/common.js:76:25)
    at async AndroidUiautomator2Driver.createSession (/Users/kunnath/.appium/node_modules/appium-uiautomator2-driver/build/lib/driver.js:211:38)
    at async AppiumDriver.createSession (/opt/homebrew/lib/node_modules/appium/build/lib/appium.js:324:43)</msg>
<arg>${caps}</arg>
<status status="FAIL" start="2026-02-22T18:55:41.132821" elapsed="20.101896">Failed to start Appium session. Attempts:
options: Message: Could not find a connected Android device in 20000ms
Stacktrace:
UnknownError: Could not find a connected Android device in 20000ms
    at getResponseForW3CError (/opt/homebrew/lib/node_modules/appium/node_modules/@appium/base-driver/build/lib/protocol/errors.js:824:36)
    at asyncHandler (/opt/homebrew/lib/node_modules/appium/node_modules/@appium/base-driver/build/lib/protocol/protocol.js:402:77)
The above error is caused by
Error: Could not find a connected Android device in 20000ms
    at ADB.getDevicesWithRetry (/Users/kunnath/.appium/node_modules/appium-uiautomator2-driver/node_modules/appium-adb/build/lib/tools/system-calls.js:360:19)
    at process.processTicksAndRejections (node:internal/process/task_queues:104:5)
    at async AndroidUiautomator2Driver.getDeviceInfoFromCaps (/Users/kunnath/.appium/node_modules/appium-uiautomator2-driver/node_modules/appium-android-driver/build/lib/commands/device/common.js:76:25)
    at async AndroidUiautomator2Driver.createSession (/Users/kunnath/.appium/node_modules/appium-uiautomator2-driver/build/lib/driver.js:211:38)
    at async AppiumDriver.createSession (/opt/homebrew/lib/node_modules/appium/build/lib/appium.js:324:43)</status>
</kw>
<kw name="Go To" owner="MobileAppiumLibrary">
<arg>https://www.google.com</arg>
<status status="NOT RUN" start="2026-02-22T18:56:01.234965" elapsed="0.000028"/>
</kw>
<kw name="Sleep" owner="BuiltIn">
<arg>2s</arg>
<doc>Pauses the test executed for the given time.</doc>
<status status="NOT RUN" start="2026-02-22T18:56:01.235084" elapsed="0.000014"/>
</kw>
<kw name="Click" owner="MobileAppiumLibrary">
<arg>xpath=//a[normalize-space(.)='Bilder']</arg>
<status status="NOT RUN" start="2026-02-22T18:56:01.235169" elapsed="0.000011"/>
</kw>
<kw name="Close Session" owner="MobileAppiumLibrary">
<status status="NOT RUN" start="2026-02-22T18:56:01.235243" elapsed="0.000012"/>
</kw>
<status status="FAIL" start="2026-02-22T18:55:41.131989" elapsed="20.103421">Failed to start Appium session. Attempts:
options: Message: Could not find a connected Android device in 20000ms
Stacktrace:
UnknownError: Could not find a connected Android device in 20000ms
    at getResponseForW3CError (/opt/homebrew/lib/node_modules/appium/node_modules/@appium/base-driver/build/lib/protocol/errors.js:824:36)
    at asyncHandler (/opt/homebrew/lib/node_modules/appium/node_modules/@appium/base-driver/build/lib/protocol/protocol.js:402:77)
The above error is caused by
Error: Could not find a connected Android device in 20000ms
    at ADB.getDevicesWithRetry (/Users/kunnath/.appium/node_modules/appium-uiautomator2-driver/node_modules/appium-adb/build/lib/tools/system-calls.js:360:19)
    at process.processTicksAndRejections (node:internal/process/task_queues:104:5)
    at async AndroidUiautomator2Driver.getDeviceInfoFromCaps (/Users/kunnath/.appium/node_modules/appium-uiautomator2-driver/node_modules/appium-android-driver/build/lib/commands/device/common.js:76:25)
    at async AndroidUiautomator2Driver.createSession (/Users/kunnath/.appium/node_modules/appium-uiautomator2-driver/build/lib/driver.js:211:38)
    at async AppiumDriver.createSession (/opt/homebrew/lib/node_modules/appium/build/lib/appium.js:324:43)</status>
</test>
<status status="FAIL" start="2026-02-22T18:55:41.050794" elapsed="20.184947"/>
</suite>
<statistics>
<total>
<stat pass="0" fail="1" skip="0">All Tests</stat>
</total>
<tag>
</tag>
<suite>
<stat name="Mobile Test" id="s1" pass="0" fail="1" skip="0">Mobile Test</stat>
</suite>
</statistics>
<errors>
</errors>
</robot>
